-------------------------------------------------------------------------------
Test set: br.com.walterrx.sleuthclient.ServerTests
-------------------------------------------------------------------------------
Tests run: 1, Failures: 0, Errors: 1, Skipped: 0, Time elapsed: 2.341 s <<< FAILURE! - in br.com.walterrx.sleuthclient.ServerTests
contextLoads(br.com.walterrx.sleuthclient.ServerTests)  Time elapsed: 0.006 s  <<< ERROR!
java.lang.IllegalStateException: Failed to load ApplicationContext
Caused by: org.springframework.beans.factory.BeanDefinitionStoreException: Failed to process import candidates for configuration class [br.com.walterrx.sleuthclient.Server]; nested exception is java.io.FileNotFoundException: class path resource [org/springframework/cloud/sleuth/sampler/SamplerAutoConfiguration.class] cannot be opened because it does not exist
Caused by: java.io.FileNotFoundException: class path resource [org/springframework/cloud/sleuth/sampler/SamplerAutoConfiguration.class] cannot be opened because it does not exist

